<?xml version="1.0" encoding="UTF-8"?>
<!-- Generated by org.testng.reporters.JUnitReportReporter -->
<testsuite hostname="DESKTOP-HEEPTMR" name="com.tests.Annotations2" tests="2" failures="0" timestamp="1 Sep 2020 21:30:31 GMT" time="0.019" errors="0">
  <testcase name="test20" time="0.005" classname="com.tests.Annotations2"/>
  <testcase name="test6" time="0.014" classname="com.tests.Annotations2"/>
</testsuite> <!-- com.tests.Annotations2 -->
