<?xml version="1.0" encoding="UTF-8"?>
<!-- Generated by org.testng.reporters.JUnitReportReporter -->
<testsuite hostname="DESKTOP-HEEPTMR" name="com.tests.Annotations" tests="2" failures="0" timestamp="1 Sep 2020 21:30:31 GMT" time="0.029" errors="0">
  <testcase name="test6" time="0.019" classname="com.tests.Annotations"/>
  <testcase name="test20" time="0.010" classname="com.tests.Annotations"/>
</testsuite> <!-- com.tests.Annotations -->
